  aBehaviors.cpp
aBehaviors.cpp(254): warning C4018: '<': signed/unsigned mismatch
  libassignment5.vcxproj -> E:\Documents\CIS-562\homework_9\hw09\hw9-behavioral-animation-ACskyline\HW9 - AnimationToolkit - 2017\libsrc\animation\..\..\lib\libassignment5d.lib
  aActor.h
  aBehaviorController.h
  aBehaviors.h
  aBVHController.h
  aFireworks.h
  aIKController.h
  aJitter.h
  aJoint.h
  aMatrix.h
  aMotion.h
  aMotionController.h
  aParticle.h
  aParticleSystem.h
  aRocket.h
  aRotation.h
  aSkeleton.h
  aSpark.h
  aSplineQuat.h
  aSplineQuaternion.h
  aSplineVec3.h
  aTarget.h
  aTransform.h
  aVector.h
         23 file(s) copied.
